<?xml version="1.0" encoding="UTF-8"?>
<!-- Generated by org.testng.reporters.JUnitXMLReporter -->
<testsuite ignored="2" hostname="sabbir-asus" failures="0" tests="4" name="Test" time="95.891" errors="0" timestamp="2022-04-23T23:14:20 BDT">
  <testcase classname="testCasesPackage.T001_CreateNewAccount" name="registration" time="15.295"/>
  <testcase classname="testCasesPackage.T001_CreateNewAccount" name="registration" time="11.541"/>
  <testcase classname="testCasesPackage.T002_Login_And_Purchase" name="loginAndPurchase" time="32.841"/>
  <testcase classname="testCasesPackage.T002_Login_And_Purchase" name="loginAndPurchase" time="36.059"/>
  <testcase classname="driverPackage.BaseDriver" name="@AfterSuite tearDown" time="0.0">
    <ignored/>
  </testcase> <!-- @AfterSuite tearDown -->
  <testcase classname="driverPackage.BaseDriver" name="@BeforeSuite setUp" time="0.0">
    <ignored/>
  </testcase> <!-- @BeforeSuite setUp -->
</testsuite> <!-- Test -->
