<?xml version="1.0" encoding="UTF-8"?>
<testng-results ignored="0" total="2" passed="2" failed="0" skipped="0">
  <reporter-output>
  </reporter-output>
  <suite started-at="2022-06-25T23:54:25 BDT" name="Default suite" finished-at="2022-06-25T23:55:15 BDT" duration-ms="50240">
    <groups>
    </groups>
    <test started-at="2022-06-25T23:54:25 BDT" name="Default test" finished-at="2022-06-25T23:55:15 BDT" duration-ms="50240">
      <class name="testCasesPackage.T001_CreateNewAccount">
        <test-method is-config="true" signature="setUp()[pri:0, instance:testCasesPackage.T001_CreateNewAccount@73302995]" started-at="2022-06-25T23:54:07 BDT" name="setUp" finished-at="2022-06-25T23:54:25 BDT" duration-ms="18180" status="PASS">
          <reporter-output>
          </reporter-output>
        </test-method> <!-- setUp -->
        <test-method signature="registration(java.lang.String,java.lang.String,java.lang.String,java.lang.String,java.lang.String,java.lang.String,java.lang.String,java.lang.String,java.lang.String,java.lang.String,java.lang.String,java.lang.String,java.lang.String,java.lang.String,java.lang.String,java.lang.String,java.lang.String,java.lang.String)[pri:0, instance:testCasesPackage.T001_CreateNewAccount@73302995]" started-at="2022-06-25T23:54:25 BDT" name="registration" description="Perform registration process for new users and Sign Out" data-provider="registrationData" finished-at="2022-06-25T23:54:43 BDT" duration-ms="17558" status="PASS">
          <params>
            <param index="0">
              <value>
                <![CDATA[johnKanir107@gmalla.com]]>
              </value>
            </param>
            <param index="1">
              <value>
                <![CDATA[John]]>
              </value>
            </param>
            <param index="2">
              <value>
                <![CDATA[Kanir]]>
              </value>
            </param>
            <param index="3">
              <value>
                <![CDATA[testpass123@]]>
              </value>
            </param>
            <param index="4">
              <value>
                <![CDATA[12]]>
              </value>
            </param>
            <param index="5">
              <value>
                <![CDATA[7]]>
              </value>
            </param>
            <param index="6">
              <value>
                <![CDATA[2000]]>
              </value>
            </param>
            <param index="7">
              <value>
                <![CDATA[AdventureSports]]>
              </value>
            </param>
            <param index="8">
              <value>
                <![CDATA[87 Nickel Road]]>
              </value>
            </param>
            <param index="9">
              <value>
                <![CDATA[2661 Kennedy Court]]>
              </value>
            </param>
            <param index="10">
              <value>
                <![CDATA[Kentucky]]>
              </value>
            </param>
            <param index="11">
              <value>
                <![CDATA[6]]>
              </value>
            </param>
            <param index="12">
              <value>
                <![CDATA[41002]]>
              </value>
            </param>
            <param index="13">
              <value>
                <![CDATA[21]]>
              </value>
            </param>
            <param index="14">
              <value>
                <![CDATA[Take first left after Jr. school]]>
              </value>
            </param>
            <param index="15">
              <value>
                <![CDATA[774-280-5944]]>
              </value>
            </param>
            <param index="16">
              <value>
                <![CDATA[606-402-2834]]>
              </value>
            </param>
            <param index="17">
              <value>
                <![CDATA[ My address]]>
              </value>
            </param>
          </params>
          <reporter-output>
          </reporter-output>
        </test-method> <!-- registration -->
        <test-method signature="registration(java.lang.String,java.lang.String,java.lang.String,java.lang.String,java.lang.String,java.lang.String,java.lang.String,java.lang.String,java.lang.String,java.lang.String,java.lang.String,java.lang.String,java.lang.String,java.lang.String,java.lang.String,java.lang.String,java.lang.String,java.lang.String)[pri:0, instance:testCasesPackage.T001_CreateNewAccount@73302995]" started-at="2022-06-25T23:54:43 BDT" name="registration" description="Perform registration process for new users and Sign Out" data-provider="registrationData" finished-at="2022-06-25T23:55:15 BDT" duration-ms="32420" status="PASS">
          <params>
            <param index="0">
              <value>
                <![CDATA[jacyjane107@dffda.com]]>
              </value>
            </param>
            <param index="1">
              <value>
                <![CDATA[Jacy]]>
              </value>
            </param>
            <param index="2">
              <value>
                <![CDATA[Jane]]>
              </value>
            </param>
            <param index="3">
              <value>
                <![CDATA[@testpass123]]>
              </value>
            </param>
            <param index="4">
              <value>
                <![CDATA[28]]>
              </value>
            </param>
            <param index="5">
              <value>
                <![CDATA[5]]>
              </value>
            </param>
            <param index="6">
              <value>
                <![CDATA[1990]]>
              </value>
            </param>
            <param index="7">
              <value>
                <![CDATA[Market Basket]]>
              </value>
            </param>
            <param index="8">
              <value>
                <![CDATA[2358 Barfield Lane]]>
              </value>
            </param>
            <param index="9">
              <value>
                <![CDATA[Indianapolis]]>
              </value>
            </param>
            <param index="10">
              <value>
                <![CDATA[Indiana]]>
              </value>
            </param>
            <param index="11">
              <value>
                <![CDATA[12]]>
              </value>
            </param>
            <param index="12">
              <value>
                <![CDATA[55555]]>
              </value>
            </param>
            <param index="13">
              <value>
                <![CDATA[21]]>
              </value>
            </param>
            <param index="14">
              <value>
                <![CDATA[Take first Right after KFC]]>
              </value>
            </param>
            <param index="15">
              <value>
                <![CDATA[317-529-7499]]>
              </value>
            </param>
            <param index="16">
              <value>
                <![CDATA[317-425-8779]]>
              </value>
            </param>
            <param index="17">
              <value>
                <![CDATA[ My address]]>
              </value>
            </param>
          </params>
          <reporter-output>
          </reporter-output>
        </test-method> <!-- registration -->
        <test-method is-config="true" signature="tearDown()[pri:0, instance:testCasesPackage.T001_CreateNewAccount@73302995]" started-at="2022-06-25T23:55:15 BDT" name="tearDown" finished-at="2022-06-25T23:55:16 BDT" duration-ms="698" status="PASS">
          <reporter-output>
          </reporter-output>
        </test-method> <!-- tearDown -->
      </class> <!-- testCasesPackage.T001_CreateNewAccount -->
    </test> <!-- Default test -->
  </suite> <!-- Default suite -->
</testng-results>
